<?xml version="1.0" encoding="UTF-8"?>
<!-- Generated by org.testng.reporters.JUnitReportReporter -->
<testsuite hostname="PUN-DCC-RF-114" failures="0" tests="1" name="Test.ForgotTest" time="4.547" errors="0" timestamp="2022-04-27T14:35:16 IST" skipped="0">
  <testcase classname="Test.ForgotTest" name="forgottest" time="4.547"/>
  <system-out/>
</testsuite> <!-- Test.ForgotTest -->
