<?xml version="1.0" encoding="UTF-8"?>
<!-- Generated by org.testng.reporters.JUnitReportReporter -->
<testsuite hostname="PUN-DCC-RF-114" failures="0" tests="1" name="Test.HomeTest" time="18.017" errors="0" timestamp="2022-04-28T20:28:58 IST" skipped="0">
  <testcase classname="Test.HomeTest" name="stocklist" time="18.017"/>
  <system-out/>
</testsuite> <!-- Test.HomeTest -->
